<?xml version="1.0" encoding="UTF-8"?>
<testng-results ignored="0" total="1" passed="1" failed="0" skipped="0">
  <reporter-output>
  </reporter-output>
  <suite started-at="2024-02-24T13:46:46 IST" name="Default suite" finished-at="2024-02-24T13:47:05 IST" duration-ms="19287">
    <groups>
    </groups>
    <test started-at="2024-02-24T13:46:46 IST" name="Default test" finished-at="2024-02-24T13:47:05 IST" duration-ms="19287">
      <class name="Module01_LOGIN_TEST.TC1_SwagLabLoginTest">
        <test-method is-config="true" signature="openBrowser()[pri:0, instance:Module01_LOGIN_TEST.TC1_SwagLabLoginTest@17f9d882]" started-at="2024-02-24T13:46:46 IST" name="openBrowser" finished-at="2024-02-24T13:46:57 IST" duration-ms="10882" status="PASS">
          <reporter-output>
          </reporter-output>
        </test-method> <!-- openBrowser -->
        <test-method is-config="true" signature="loginToApp()[pri:0, instance:Module01_LOGIN_TEST.TC1_SwagLabLoginTest@17f9d882]" started-at="2024-02-24T13:46:57 IST" name="loginToApp" finished-at="2024-02-24T13:47:00 IST" duration-ms="3503" status="PASS">
          <reporter-output>
          </reporter-output>
        </test-method> <!-- loginToApp -->
        <test-method signature="verifyTitle()[pri:0, instance:Module01_LOGIN_TEST.TC1_SwagLabLoginTest@17f9d882]" started-at="2024-02-24T13:47:00 IST" name="verifyTitle" finished-at="2024-02-24T13:47:01 IST" duration-ms="976" status="PASS">
          <reporter-output>
          </reporter-output>
        </test-method> <!-- verifyTitle -->
        <test-method is-config="true" signature="logoutFromApp(org.testng.ITestResult)[pri:0, instance:Module01_LOGIN_TEST.TC1_SwagLabLoginTest@17f9d882]" started-at="2024-02-24T13:47:01 IST" name="logoutFromApp" finished-at="2024-02-24T13:47:04 IST" duration-ms="2517" status="PASS">
          <params>
            <param index="0">
              <value>
                <![CDATA[[TestResult name=verifyTitle status=SUCCESS method=TC1_SwagLabLoginTest.verifyTitle()[pri:0, instance:Module01_LOGIN_TEST.TC1_SwagLabLoginTest@17f9d882] output={null}]]]>
              </value>
            </param>
          </params>
          <reporter-output>
          </reporter-output>
        </test-method> <!-- logoutFromApp -->
        <test-method is-config="true" signature="closeBrowser()[pri:0, instance:Module01_LOGIN_TEST.TC1_SwagLabLoginTest@17f9d882]" started-at="2024-02-24T13:47:04 IST" name="closeBrowser" finished-at="2024-02-24T13:47:05 IST" duration-ms="1355" status="PASS">
          <reporter-output>
          </reporter-output>
        </test-method> <!-- closeBrowser -->
      </class> <!-- Module01_LOGIN_TEST.TC1_SwagLabLoginTest -->
    </test> <!-- Default test -->
  </suite> <!-- Default suite -->
</testng-results>
